[2024-02-20 11:11:15] [1] [WARN] Reporting disabled: using no op test run registrar
[2024-02-20 11:11:15] [1] [INFO] TEST [WebTestingClass - verifySearchTest] STARTED at [20:11:15 2024-02-20]
[2024-02-20 11:11:15] [1] [INFO] Starting driver session...
[2024-02-20 11:11:17] [1] [INFO] Driver session started.
[2024-02-20 11:11:18] [1] [INFO] INFO: opening url 'https://www.amazon.com'
[2024-02-20 11:11:21] [1] [ERROR] Failure detected on screenshot generation after failure: 
[2024-02-20 11:11:21] [1] [ERROR] TEST [WebTestingClass - verifySearchTest] FAILED at [20:11:21 2024-02-20] - Search input is not present expected [true] but found [false]

org.testng.Assert.fail(Assert.java:111)
org.testng.Assert.failNotEquals(Assert.java:1578)
org.testng.Assert.assertTrue(Assert.java:57)
com.solvd.carinaexample.HomePageTest.verifySearchTest(HomePageTest.java:29)
java.base/jdk.internal.reflect.DirectMethodHandleAccessor.invoke(DirectMethodHandleAccessor.java:103)
java.base/java.lang.reflect.Method.invoke(Method.java:580)
org.testng.internal.invokers.MethodInvocationHelper.invokeMethod(MethodInvocationHelper.java:139)
org.testng.internal.invokers.TestInvoker.invokeMethod(TestInvoker.java:664)
org.testng.internal.invokers.TestInvoker.invokeTestMethod(TestInvoker.java:228)
org.testng.internal.invokers.MethodRunner.runInSequence(MethodRunner.java:63)
org.testng.internal.invokers.TestInvoker$MethodInvocationAgent.invoke(TestInvoker.java:961)
org.testng.internal.invokers.TestInvoker.invokeTestMethods(TestInvoker.java:201)
org.testng.internal.invokers.TestMethodWorker.invokeTestMethods(TestMethodWorker.java:148)
org.testng.internal.invokers.TestMethodWorker.run(TestMethodWorker.java:128)
java.base/java.util.ArrayList.forEach(ArrayList.java:1596)
org.testng.TestRunner.privateRun(TestRunner.java:819)
org.testng.TestRunner.run(TestRunner.java:619)
org.testng.SuiteRunner.runTest(SuiteRunner.java:443)
org.testng.SuiteRunner.runSequentially(SuiteRunner.java:437)
org.testng.SuiteRunner.privateRun(SuiteRunner.java:397)
org.testng.SuiteRunner.run(SuiteRunner.java:336)
org.testng.SuiteRunnerWorker.runSuite(SuiteRunnerWorker.java:52)
org.testng.SuiteRunnerWorker.run(SuiteRunnerWorker.java:95)
org.testng.TestNG.runSuitesSequentially(TestNG.java:1301)
org.testng.TestNG.runSuitesLocally(TestNG.java:1228)
org.testng.TestNG.runSuites(TestNG.java:1134)
org.testng.TestNG.run(TestNG.java:1101)
com.intellij.rt.testng.IDEARemoteTestNG.run(IDEARemoteTestNG.java:65)
com.intellij.rt.testng.RemoteTestNGStarter.main(RemoteTestNGStarter.java:105)
[2024-02-20 11:11:22] [1] [ERROR] Failure detected on screenshot generation after failure: 
[2024-02-20 11:11:22] [1] [ERROR] TEST [WebTestingClass - verifySearchTest] FAILED at [20:11:22 2024-02-20] - 'java.nio.file.Path com.zebrunner.carina.utils.report.ReportContext.getTestDirectory()'

com.zebrunner.carina.core.config.ReportConfiguration.getTestLogLink(ReportConfiguration.java:198)
com.zebrunner.carina.core.listeners.AbstractTestListener.createTestResult(AbstractTestListener.java:213)
com.zebrunner.carina.core.listeners.AbstractTestListener.failItem(AbstractTestListener.java:82)
com.zebrunner.carina.core.listeners.AbstractTestListener.onTestFailure(AbstractTestListener.java:190)
com.zebrunner.carina.core.listeners.CarinaListener.onTestFailure(CarinaListener.java:371)
com.nordstrom.automation.testng.ListenerChain.onTestFailure(ListenerChain.java:395)
org.testng.internal.TestListenerHelper.runTestListeners(TestListenerHelper.java:108)
org.testng.internal.invokers.TestInvoker.runTestResultListener(TestInvoker.java:263)
org.testng.internal.invokers.TestInvoker.invokeMethod(TestInvoker.java:751)
org.testng.internal.invokers.TestInvoker.invokeTestMethod(TestInvoker.java:228)
org.testng.internal.invokers.MethodRunner.runInSequence(MethodRunner.java:63)
org.testng.internal.invokers.TestInvoker$MethodInvocationAgent.invoke(TestInvoker.java:961)
org.testng.internal.invokers.TestInvoker.invokeTestMethods(TestInvoker.java:201)
org.testng.internal.invokers.TestMethodWorker.invokeTestMethods(TestMethodWorker.java:148)
org.testng.internal.invokers.TestMethodWorker.run(TestMethodWorker.java:128)
java.base/java.util.ArrayList.forEach(ArrayList.java:1596)
org.testng.TestRunner.privateRun(TestRunner.java:819)
org.testng.TestRunner.run(TestRunner.java:619)
org.testng.SuiteRunner.runTest(SuiteRunner.java:443)
org.testng.SuiteRunner.runSequentially(SuiteRunner.java:437)
org.testng.SuiteRunner.privateRun(SuiteRunner.java:397)
org.testng.SuiteRunner.run(SuiteRunner.java:336)
org.testng.SuiteRunnerWorker.runSuite(SuiteRunnerWorker.java:52)
org.testng.SuiteRunnerWorker.run(SuiteRunnerWorker.java:95)
org.testng.TestNG.runSuitesSequentially(TestNG.java:1301)
org.testng.TestNG.runSuitesLocally(TestNG.java:1228)
org.testng.TestNG.runSuites(TestNG.java:1134)
org.testng.TestNG.run(TestNG.java:1101)
com.intellij.rt.testng.IDEARemoteTestNG.run(IDEARemoteTestNG.java:65)
com.intellij.rt.testng.RemoteTestNGStarter.main(RemoteTestNGStarter.java:105)
